Vivado Simulator 2020.2
Time resolution is 1 ps
ADD:
	codeword: 00000000101101010000011000110011
	decoder_tb.xilinx_isim_temp_0_ln60_excessive_seqblock_chunk: signal == value
	decoder_tb.xilinx_isim_temp_0_ln60_excessive_seqblock_chunk: signal == value
	decoder_tb.xilinx_isim_temp_0_ln60_excessive_seqblock_chunk: signal == value
	decoder_tb.xilinx_isim_temp_0_ln60_excessive_seqblock_chunk: signal == value
	decoder_tb.xilinx_isim_temp_0_ln60_excessive_seqblock_chunk: signal == value
	decoder_tb.xilinx_isim_temp_0_ln60_excessive_seqblock_chunk: signal == value
	decoder_tb.xilinx_isim_temp_0_ln60_excessive_seqblock_chunk: signal == value
	decoder_tb.xilinx_isim_temp_0_ln60_excessive_seqblock_chunk: signal == value
	decoder_tb.xilinx_isim_temp_0_ln60_excessive_seqblock_chunk: signal == value
	decoder_tb.xilinx_isim_temp_0_ln60_excessive_seqblock_chunk: signal == value
ADD test ...ok

SUB:
	codeword: 01000000101101100000011000110011
	decoder_tb.xilinx_isim_temp_0_ln60_excessive_seqblock_chunk: signal == value
	decoder_tb.xilinx_isim_temp_0_ln60_excessive_seqblock_chunk: signal == value
	decoder_tb.xilinx_isim_temp_0_ln60_excessive_seqblock_chunk: signal == value
	decoder_tb.xilinx_isim_temp_0_ln60_excessive_seqblock_chunk: signal == value
	decoder_tb.xilinx_isim_temp_0_ln60_excessive_seqblock_chunk: signal == value
	decoder_tb.xilinx_isim_temp_0_ln60_excessive_seqblock_chunk: signal == value
	decoder_tb.xilinx_isim_temp_0_ln60_excessive_seqblock_chunk: signal == value
	decoder_tb.xilinx_isim_temp_0_ln60_excessive_seqblock_chunk: signal == value
	decoder_tb.xilinx_isim_temp_0_ln60_excessive_seqblock_chunk: signal == value
	decoder_tb.xilinx_isim_temp_0_ln60_excessive_seqblock_chunk: signal == value
SUB test ...ok

SLT:
	codeword: 00000001000101100010011010110011
	decoder_tb.xilinx_isim_temp_0_ln60_excessive_seqblock_chunk: signal == value
	decoder_tb.xilinx_isim_temp_0_ln60_excessive_seqblock_chunk: signal == value
	decoder_tb.xilinx_isim_temp_0_ln60_excessive_seqblock_chunk: signal == value
	decoder_tb.xilinx_isim_temp_0_ln60_excessive_seqblock_chunk: signal == value
	decoder_tb.xilinx_isim_temp_0_ln60_excessive_seqblock_chunk: signal == value
	decoder_tb.xilinx_isim_temp_0_ln60_excessive_seqblock_chunk: signal == value
	decoder_tb.xilinx_isim_temp_0_ln60_excessive_seqblock_chunk: signal == value
	decoder_tb.xilinx_isim_temp_0_ln60_excessive_seqblock_chunk: signal == value
	decoder_tb.xilinx_isim_temp_0_ln60_excessive_seqblock_chunk: signal == value
	decoder_tb.xilinx_isim_temp_0_ln60_excessive_seqblock_chunk: signal == value
SLT test ...ok

SLTU:
	codeword: 00000000110001011011011010110011
	decoder_tb.xilinx_isim_temp_0_ln60_excessive_seqblock_chunk: signal == value
	decoder_tb.xilinx_isim_temp_0_ln60_excessive_seqblock_chunk: signal == value
	decoder_tb.xilinx_isim_temp_0_ln60_excessive_seqblock_chunk: signal == value
	decoder_tb.xilinx_isim_temp_0_ln60_excessive_seqblock_chunk: signal == value
	decoder_tb.xilinx_isim_temp_0_ln60_excessive_seqblock_chunk: signal == value
	decoder_tb.xilinx_isim_temp_0_ln60_excessive_seqblock_chunk: signal == value
	decoder_tb.xilinx_isim_temp_0_ln60_excessive_seqblock_chunk: signal == value
	decoder_tb.xilinx_isim_temp_0_ln60_excessive_seqblock_chunk: signal == value
	decoder_tb.xilinx_isim_temp_0_ln60_excessive_seqblock_chunk: signal == value
	decoder_tb.xilinx_isim_temp_0_ln60_excessive_seqblock_chunk: signal == value
SLTU test ...ok

AND:
	codeword: 00000000101101010111011100110011
	decoder_tb.xilinx_isim_temp_0_ln60_excessive_seqblock_chunk: signal == value
	decoder_tb.xilinx_isim_temp_0_ln60_excessive_seqblock_chunk: signal == value
	decoder_tb.xilinx_isim_temp_0_ln60_excessive_seqblock_chunk: signal == value
	decoder_tb.xilinx_isim_temp_0_ln60_excessive_seqblock_chunk: signal == value
	decoder_tb.xilinx_isim_temp_0_ln60_excessive_seqblock_chunk: signal == value
	decoder_tb.xilinx_isim_temp_0_ln60_excessive_seqblock_chunk: signal == value
	decoder_tb.xilinx_isim_temp_0_ln60_excessive_seqblock_chunk: signal == value
	decoder_tb.xilinx_isim_temp_0_ln60_excessive_seqblock_chunk: signal == value
	decoder_tb.xilinx_isim_temp_0_ln60_excessive_seqblock_chunk: signal == value
	decoder_tb.xilinx_isim_temp_0_ln60_excessive_seqblock_chunk: signal == value
AND test ...ok

OR:
	codeword: 00000000110010001110011100110011
	decoder_tb.xilinx_isim_temp_0_ln60_excessive_seqblock_chunk: signal == value
	decoder_tb.xilinx_isim_temp_0_ln60_excessive_seqblock_chunk: signal == value
	decoder_tb.xilinx_isim_temp_0_ln60_excessive_seqblock_chunk: signal == value
	decoder_tb.xilinx_isim_temp_0_ln60_excessive_seqblock_chunk: signal == value
	decoder_tb.xilinx_isim_temp_0_ln60_excessive_seqblock_chunk: signal == value
	decoder_tb.xilinx_isim_temp_0_ln60_excessive_seqblock_chunk: signal == value
	decoder_tb.xilinx_isim_temp_0_ln60_excessive_seqblock_chunk: signal == value
	decoder_tb.xilinx_isim_temp_0_ln60_excessive_seqblock_chunk: signal == value
	decoder_tb.xilinx_isim_temp_0_ln60_excessive_seqblock_chunk: signal == value
	decoder_tb.xilinx_isim_temp_0_ln60_excessive_seqblock_chunk: signal == value
OR test ...ok

XOR:
	codeword: 00000000110010001100011100110011
	decoder_tb.xilinx_isim_temp_0_ln60_excessive_seqblock_chunk: signal == value
	decoder_tb.xilinx_isim_temp_0_ln60_excessive_seqblock_chunk: signal == value
	decoder_tb.xilinx_isim_temp_0_ln60_excessive_seqblock_chunk: signal == value
	decoder_tb.xilinx_isim_temp_0_ln60_excessive_seqblock_chunk: signal == value
	decoder_tb.xilinx_isim_temp_0_ln60_excessive_seqblock_chunk: signal == value
	decoder_tb.xilinx_isim_temp_1_ln60_excessive_seqblock_chunk: signal == value
	decoder_tb.xilinx_isim_temp_1_ln60_excessive_seqblock_chunk: signal == value
	decoder_tb.xilinx_isim_temp_1_ln60_excessive_seqblock_chunk: signal == value
	decoder_tb.xilinx_isim_temp_1_ln60_excessive_seqblock_chunk: signal == value
	decoder_tb.xilinx_isim_temp_1_ln60_excessive_seqblock_chunk: signal == value
XOR test ...ok

SLL:
	codeword: 00000000110001011001011110110011
	decoder_tb.xilinx_isim_temp_1_ln60_excessive_seqblock_chunk: signal == value
	decoder_tb.xilinx_isim_temp_1_ln60_excessive_seqblock_chunk: signal == value
	decoder_tb.xilinx_isim_temp_1_ln60_excessive_seqblock_chunk: signal == value
	decoder_tb.xilinx_isim_temp_1_ln60_excessive_seqblock_chunk: signal == value
	decoder_tb.xilinx_isim_temp_1_ln60_excessive_seqblock_chunk: signal == value
	decoder_tb.xilinx_isim_temp_1_ln60_excessive_seqblock_chunk: signal == value
	decoder_tb.xilinx_isim_temp_1_ln60_excessive_seqblock_chunk: signal == value
	decoder_tb.xilinx_isim_temp_1_ln60_excessive_seqblock_chunk: signal == value
	decoder_tb.xilinx_isim_temp_1_ln60_excessive_seqblock_chunk: signal == value
	decoder_tb.xilinx_isim_temp_1_ln60_excessive_seqblock_chunk: signal == value
SLL test ...ok

SRL:
	codeword: 00000000101101100101011110110011
	decoder_tb.xilinx_isim_temp_1_ln60_excessive_seqblock_chunk: signal == value
	decoder_tb.xilinx_isim_temp_1_ln60_excessive_seqblock_chunk: signal == value
	decoder_tb.xilinx_isim_temp_1_ln60_excessive_seqblock_chunk: signal == value
	decoder_tb.xilinx_isim_temp_1_ln60_excessive_seqblock_chunk: signal == value
	decoder_tb.xilinx_isim_temp_1_ln60_excessive_seqblock_chunk: signal == value
	decoder_tb.xilinx_isim_temp_1_ln60_excessive_seqblock_chunk: signal == value
	decoder_tb.xilinx_isim_temp_1_ln60_excessive_seqblock_chunk: signal == value
	decoder_tb.xilinx_isim_temp_1_ln60_excessive_seqblock_chunk: signal == value
	decoder_tb.xilinx_isim_temp_1_ln60_excessive_seqblock_chunk: signal == value
	decoder_tb.xilinx_isim_temp_1_ln60_excessive_seqblock_chunk: signal == value
SRL test ...ok

SRA:
	codeword: 01000000101101011101011110110011
	decoder_tb.xilinx_isim_temp_1_ln60_excessive_seqblock_chunk: signal == value
	decoder_tb.xilinx_isim_temp_1_ln60_excessive_seqblock_chunk: signal == value
	decoder_tb.xilinx_isim_temp_1_ln60_excessive_seqblock_chunk: signal == value
	decoder_tb.xilinx_isim_temp_1_ln60_excessive_seqblock_chunk: signal == value
	decoder_tb.xilinx_isim_temp_1_ln60_excessive_seqblock_chunk: signal == value
	decoder_tb.xilinx_isim_temp_1_ln60_excessive_seqblock_chunk: signal == value
	decoder_tb.xilinx_isim_temp_1_ln60_excessive_seqblock_chunk: signal == value
	decoder_tb.xilinx_isim_temp_1_ln60_excessive_seqblock_chunk: signal == value
	decoder_tb.xilinx_isim_temp_1_ln60_excessive_seqblock_chunk: signal == value
	decoder_tb.xilinx_isim_temp_1_ln60_excessive_seqblock_chunk: signal == value
SRA test ...ok

ADDI:
	codeword: 11111111111100000000010100010011
	decoder_tb.xilinx_isim_temp_1_ln60_excessive_seqblock_chunk: signal == value
	decoder_tb.xilinx_isim_temp_1_ln60_excessive_seqblock_chunk: signal == value
	decoder_tb.xilinx_isim_temp_1_ln60_excessive_seqblock_chunk: signal == value
	decoder_tb.xilinx_isim_temp_1_ln60_excessive_seqblock_chunk: signal == value
	decoder_tb.xilinx_isim_temp_1_ln60_excessive_seqblock_chunk: signal == value
	decoder_tb.xilinx_isim_temp_1_ln60_excessive_seqblock_chunk: signal == value
	decoder_tb.xilinx_isim_temp_1_ln60_excessive_seqblock_chunk: signal == value
	decoder_tb.xilinx_isim_temp_1_ln60_excessive_seqblock_chunk: signal == value
	decoder_tb.xilinx_isim_temp_1_ln60_excessive_seqblock_chunk: signal == value
	decoder_tb.xilinx_isim_temp_1_ln60_excessive_seqblock_chunk: signal == value
ADDI test ...ok

ADDI:
	codeword: 00000000000101010000010110010011
	decoder_tb.xilinx_isim_temp_1_ln60_excessive_seqblock_chunk: signal == value
	decoder_tb.xilinx_isim_temp_1_ln60_excessive_seqblock_chunk: signal == value
	decoder_tb.xilinx_isim_temp_1_ln60_excessive_seqblock_chunk: signal == value
	decoder_tb.xilinx_isim_temp_1_ln60_excessive_seqblock_chunk: signal == value
	decoder_tb.xilinx_isim_temp_1_ln60_excessive_seqblock_chunk: signal == value
	decoder_tb.xilinx_isim_temp_1_ln60_excessive_seqblock_chunk: signal == value
	decoder_tb.xilinx_isim_temp_1_ln60_excessive_seqblock_chunk: signal == value
	decoder_tb.xilinx_isim_temp_1_ln60_excessive_seqblock_chunk: signal == value
	decoder_tb.xilinx_isim_temp_1_ln60_excessive_seqblock_chunk: signal == value
	decoder_tb.xilinx_isim_temp_1_ln60_excessive_seqblock_chunk: signal == value
ADDI test ...ok

SLTI:
	codeword: 00000000000001011010011000010011
	decoder_tb.xilinx_isim_temp_1_ln60_excessive_seqblock_chunk: signal == value
	decoder_tb.xilinx_isim_temp_1_ln60_excessive_seqblock_chunk: signal == value
	decoder_tb.xilinx_isim_temp_1_ln60_excessive_seqblock_chunk: signal == value
	decoder_tb.xilinx_isim_temp_1_ln60_excessive_seqblock_chunk: signal == value
	decoder_tb.xilinx_isim_temp_1_ln60_excessive_seqblock_chunk: signal == value
	decoder_tb.xilinx_isim_temp_1_ln60_excessive_seqblock_chunk: signal == value
	decoder_tb.xilinx_isim_temp_1_ln60_excessive_seqblock_chunk: signal == value
	decoder_tb.xilinx_isim_temp_1_ln60_excessive_seqblock_chunk: signal == value
	decoder_tb.xilinx_isim_temp_1_ln60_excessive_seqblock_chunk: signal == value
	decoder_tb.xilinx_isim_temp_1_ln60_excessive_seqblock_chunk: signal == value
SLTI test ...ok

SLTI:
	codeword: 11111111111101011010011000010011
	decoder_tb.xilinx_isim_temp_2_ln60_excessive_seqblock_chunk: signal == value
	decoder_tb.xilinx_isim_temp_2_ln60_excessive_seqblock_chunk: signal == value
	decoder_tb.xilinx_isim_temp_2_ln60_excessive_seqblock_chunk: signal == value
	decoder_tb.xilinx_isim_temp_2_ln60_excessive_seqblock_chunk: signal == value
	decoder_tb.xilinx_isim_temp_2_ln60_excessive_seqblock_chunk: signal == value
	decoder_tb.xilinx_isim_temp_2_ln60_excessive_seqblock_chunk: signal == value
	decoder_tb.xilinx_isim_temp_2_ln60_excessive_seqblock_chunk: signal == value
	decoder_tb.xilinx_isim_temp_2_ln60_excessive_seqblock_chunk: signal == value
	decoder_tb.xilinx_isim_temp_2_ln60_excessive_seqblock_chunk: signal == value
	decoder_tb.xilinx_isim_temp_2_ln60_excessive_seqblock_chunk: signal == value
SLTI test ...ok

SLTIU:
	codeword: 00000000000001011011011010010011
	decoder_tb.xilinx_isim_temp_2_ln60_excessive_seqblock_chunk: signal == value
	decoder_tb.xilinx_isim_temp_2_ln60_excessive_seqblock_chunk: signal == value
	decoder_tb.xilinx_isim_temp_2_ln60_excessive_seqblock_chunk: signal == value
	decoder_tb.xilinx_isim_temp_2_ln60_excessive_seqblock_chunk: signal == value
	decoder_tb.xilinx_isim_temp_2_ln60_excessive_seqblock_chunk: signal == value
	decoder_tb.xilinx_isim_temp_2_ln60_excessive_seqblock_chunk: signal == value
	decoder_tb.xilinx_isim_temp_2_ln60_excessive_seqblock_chunk: signal == value
	decoder_tb.xilinx_isim_temp_2_ln60_excessive_seqblock_chunk: signal == value
	decoder_tb.xilinx_isim_temp_2_ln60_excessive_seqblock_chunk: signal == value
	decoder_tb.xilinx_isim_temp_2_ln60_excessive_seqblock_chunk: signal == value
SLTIU test ...ok

SLTIU:
	codeword: 11111111111101011011011010010011
	decoder_tb.xilinx_isim_temp_2_ln60_excessive_seqblock_chunk: signal == value
	decoder_tb.xilinx_isim_temp_2_ln60_excessive_seqblock_chunk: signal == value
	decoder_tb.xilinx_isim_temp_2_ln60_excessive_seqblock_chunk: signal == value
	decoder_tb.xilinx_isim_temp_2_ln60_excessive_seqblock_chunk: signal == value
	decoder_tb.xilinx_isim_temp_2_ln60_excessive_seqblock_chunk: signal == value
	decoder_tb.xilinx_isim_temp_2_ln60_excessive_seqblock_chunk: signal == value
	decoder_tb.xilinx_isim_temp_2_ln60_excessive_seqblock_chunk: signal == value
	decoder_tb.xilinx_isim_temp_2_ln60_excessive_seqblock_chunk: signal == value
	decoder_tb.xilinx_isim_temp_2_ln60_excessive_seqblock_chunk: signal == value
	decoder_tb.xilinx_isim_temp_2_ln60_excessive_seqblock_chunk: signal == value
SLTIU test ...ok

ANDI:
	codeword: 00000000000101011111011100010011
	decoder_tb.xilinx_isim_temp_2_ln60_excessive_seqblock_chunk: signal == value
	decoder_tb.xilinx_isim_temp_2_ln60_excessive_seqblock_chunk: signal == value
	decoder_tb.xilinx_isim_temp_2_ln60_excessive_seqblock_chunk: signal == value
	decoder_tb.xilinx_isim_temp_2_ln60_excessive_seqblock_chunk: signal == value
	decoder_tb.xilinx_isim_temp_2_ln60_excessive_seqblock_chunk: signal == value
	decoder_tb.xilinx_isim_temp_2_ln60_excessive_seqblock_chunk: signal == value
	decoder_tb.xilinx_isim_temp_2_ln60_excessive_seqblock_chunk: signal == value
	decoder_tb.xilinx_isim_temp_2_ln60_excessive_seqblock_chunk: signal == value
	decoder_tb.xilinx_isim_temp_2_ln60_excessive_seqblock_chunk: signal == value
	decoder_tb.xilinx_isim_temp_2_ln60_excessive_seqblock_chunk: signal == value
ANDI test ...ok

ANDI:
	codeword: 11111111111101011111011100010011
	decoder_tb.xilinx_isim_temp_2_ln60_excessive_seqblock_chunk: signal == value
	decoder_tb.xilinx_isim_temp_2_ln60_excessive_seqblock_chunk: signal == value
	decoder_tb.xilinx_isim_temp_2_ln60_excessive_seqblock_chunk: signal == value
	decoder_tb.xilinx_isim_temp_2_ln60_excessive_seqblock_chunk: signal == value
	decoder_tb.xilinx_isim_temp_2_ln60_excessive_seqblock_chunk: signal == value
	decoder_tb.xilinx_isim_temp_2_ln60_excessive_seqblock_chunk: signal == value
	decoder_tb.xilinx_isim_temp_2_ln60_excessive_seqblock_chunk: signal == value
	decoder_tb.xilinx_isim_temp_2_ln60_excessive_seqblock_chunk: signal == value
	decoder_tb.xilinx_isim_temp_2_ln60_excessive_seqblock_chunk: signal == value
	decoder_tb.xilinx_isim_temp_2_ln60_excessive_seqblock_chunk: signal == value
ANDI test ...ok

ORI:
	codeword: 00000000000001011110011100010011
	decoder_tb.xilinx_isim_temp_2_ln60_excessive_seqblock_chunk: signal == value
	decoder_tb.xilinx_isim_temp_2_ln60_excessive_seqblock_chunk: signal == value
	decoder_tb.xilinx_isim_temp_2_ln60_excessive_seqblock_chunk: signal == value
	decoder_tb.xilinx_isim_temp_2_ln60_excessive_seqblock_chunk: signal == value
	decoder_tb.xilinx_isim_temp_2_ln60_excessive_seqblock_chunk: signal == value
	decoder_tb.xilinx_isim_temp_2_ln60_excessive_seqblock_chunk: signal == value
	decoder_tb.xilinx_isim_temp_2_ln60_excessive_seqblock_chunk: signal == value
	decoder_tb.xilinx_isim_temp_2_ln60_excessive_seqblock_chunk: signal == value
	decoder_tb.xilinx_isim_temp_2_ln60_excessive_seqblock_chunk: signal == value
	decoder_tb.xilinx_isim_temp_2_ln60_excessive_seqblock_chunk: signal == value
ORI test ...ok

ORI:
	codeword: 11111111111101101110011100010011
	decoder_tb.xilinx_isim_temp_2_ln60_excessive_seqblock_chunk: signal == value
	decoder_tb.xilinx_isim_temp_2_ln60_excessive_seqblock_chunk: signal == value
	decoder_tb.xilinx_isim_temp_2_ln60_excessive_seqblock_chunk: signal == value
	decoder_tb.xilinx_isim_temp_2_ln60_excessive_seqblock_chunk: signal == value
	decoder_tb.xilinx_isim_temp_2_ln60_excessive_seqblock_chunk: signal == value
	decoder_tb.xilinx_isim_temp_2_ln60_excessive_seqblock_chunk: signal == value
	decoder_tb.xilinx_isim_temp_2_ln60_excessive_seqblock_chunk: signal == value
	decoder_tb.xilinx_isim_temp_2_ln60_excessive_seqblock_chunk: signal == value
	decoder_tb.xilinx_isim_temp_3_ln60_excessive_seqblock_chunk: signal == value
	decoder_tb.xilinx_isim_temp_3_ln60_excessive_seqblock_chunk: signal == value
ORI test ...ok

XORI:
	codeword: 00000000000001011100011100010011
	decoder_tb.xilinx_isim_temp_3_ln60_excessive_seqblock_chunk: signal == value
	decoder_tb.xilinx_isim_temp_3_ln60_excessive_seqblock_chunk: signal == value
	decoder_tb.xilinx_isim_temp_3_ln60_excessive_seqblock_chunk: signal == value
	decoder_tb.xilinx_isim_temp_3_ln60_excessive_seqblock_chunk: signal == value
	decoder_tb.xilinx_isim_temp_3_ln60_excessive_seqblock_chunk: signal == value
	decoder_tb.xilinx_isim_temp_3_ln60_excessive_seqblock_chunk: signal == value
	decoder_tb.xilinx_isim_temp_3_ln60_excessive_seqblock_chunk: signal == value
	decoder_tb.xilinx_isim_temp_3_ln60_excessive_seqblock_chunk: signal == value
	decoder_tb.xilinx_isim_temp_3_ln60_excessive_seqblock_chunk: signal == value
	decoder_tb.xilinx_isim_temp_3_ln60_excessive_seqblock_chunk: signal == value
XORI test ...ok

XORI:
	codeword: 11111111111101011100011100010011
	decoder_tb.xilinx_isim_temp_3_ln60_excessive_seqblock_chunk: signal == value
	decoder_tb.xilinx_isim_temp_3_ln60_excessive_seqblock_chunk: signal == value
	decoder_tb.xilinx_isim_temp_3_ln60_excessive_seqblock_chunk: signal == value
	decoder_tb.xilinx_isim_temp_3_ln60_excessive_seqblock_chunk: signal == value
	decoder_tb.xilinx_isim_temp_3_ln60_excessive_seqblock_chunk: signal == value
	decoder_tb.xilinx_isim_temp_3_ln60_excessive_seqblock_chunk: signal == value
	decoder_tb.xilinx_isim_temp_3_ln60_excessive_seqblock_chunk: signal == value
	decoder_tb.xilinx_isim_temp_3_ln60_excessive_seqblock_chunk: signal == value
	decoder_tb.xilinx_isim_temp_3_ln60_excessive_seqblock_chunk: signal == value
	decoder_tb.xilinx_isim_temp_3_ln60_excessive_seqblock_chunk: signal == value
XORI test ...ok

SLLI:
	codeword: 00000000001001111001011110010011
	decoder_tb.xilinx_isim_temp_3_ln60_excessive_seqblock_chunk: signal == value
	decoder_tb.xilinx_isim_temp_3_ln60_excessive_seqblock_chunk: signal == value
	decoder_tb.xilinx_isim_temp_3_ln60_excessive_seqblock_chunk: signal == value
	decoder_tb.xilinx_isim_temp_3_ln60_excessive_seqblock_chunk: signal == value
	decoder_tb.xilinx_isim_temp_3_ln60_excessive_seqblock_chunk: signal == value
	decoder_tb.xilinx_isim_temp_3_ln60_excessive_seqblock_chunk: signal == value
	decoder_tb.xilinx_isim_temp_3_ln60_excessive_seqblock_chunk: signal == value
	decoder_tb.xilinx_isim_temp_3_ln60_excessive_seqblock_chunk: signal == value
	decoder_tb.xilinx_isim_temp_3_ln60_excessive_seqblock_chunk: signal == value
	decoder_tb.xilinx_isim_temp_3_ln60_excessive_seqblock_chunk: signal == value
SLLI test ...ok

SRLI:
	codeword: 00000000000101111101011110010011
	decoder_tb.xilinx_isim_temp_3_ln60_excessive_seqblock_chunk: signal == value
	decoder_tb.xilinx_isim_temp_3_ln60_excessive_seqblock_chunk: signal == value
	decoder_tb.xilinx_isim_temp_3_ln60_excessive_seqblock_chunk: signal == value
	decoder_tb.xilinx_isim_temp_3_ln60_excessive_seqblock_chunk: signal == value
	decoder_tb.xilinx_isim_temp_3_ln60_excessive_seqblock_chunk: signal == value
	decoder_tb.xilinx_isim_temp_3_ln60_excessive_seqblock_chunk: signal == value
	decoder_tb.xilinx_isim_temp_3_ln60_excessive_seqblock_chunk: signal == value
	decoder_tb.xilinx_isim_temp_3_ln60_excessive_seqblock_chunk: signal == value
	decoder_tb.xilinx_isim_temp_3_ln60_excessive_seqblock_chunk: signal == value
	decoder_tb.xilinx_isim_temp_3_ln60_excessive_seqblock_chunk: signal == value
SRLI test ...ok

SRLI:
	codeword: 00000000000101011101011110010011
	decoder_tb.xilinx_isim_temp_3_ln60_excessive_seqblock_chunk: signal == value
	decoder_tb.xilinx_isim_temp_3_ln60_excessive_seqblock_chunk: signal == value
	decoder_tb.xilinx_isim_temp_3_ln60_excessive_seqblock_chunk: signal == value
	decoder_tb.xilinx_isim_temp_3_ln60_excessive_seqblock_chunk: signal == value
	decoder_tb.xilinx_isim_temp_3_ln60_excessive_seqblock_chunk: signal == value
	decoder_tb.xilinx_isim_temp_3_ln60_excessive_seqblock_chunk: signal == value
	decoder_tb.xilinx_isim_temp_3_ln60_excessive_seqblock_chunk: signal == value
	decoder_tb.xilinx_isim_temp_3_ln60_excessive_seqblock_chunk: signal == value
	decoder_tb.xilinx_isim_temp_3_ln60_excessive_seqblock_chunk: signal == value
	decoder_tb.xilinx_isim_temp_3_ln60_excessive_seqblock_chunk: signal == value
SRLI test ...ok

SRAI:
	codeword: 01000000000101011101011110010011
	decoder_tb.xilinx_isim_temp_3_ln60_excessive_seqblock_chunk: signal == value
	decoder_tb.xilinx_isim_temp_3_ln60_excessive_seqblock_chunk: signal == value
	decoder_tb.xilinx_isim_temp_3_ln60_excessive_seqblock_chunk: signal == value
	decoder_tb.xilinx_isim_temp_3_ln60_excessive_seqblock_chunk: signal == value
	decoder_tb.xilinx_isim_temp_3_ln60_excessive_seqblock_chunk: signal == value
	decoder_tb.xilinx_isim_temp_3_ln60_excessive_seqblock_chunk: signal == value
	decoder_tb.xilinx_isim_temp_3_ln60_excessive_seqblock_chunk: signal == value
	decoder_tb.xilinx_isim_temp_3_ln60_excessive_seqblock_chunk: signal == value
	decoder_tb.xilinx_isim_temp_3_ln60_excessive_seqblock_chunk: signal == value
	decoder_tb.xilinx_isim_temp_3_ln60_excessive_seqblock_chunk: signal == value
SRAI test ...ok

LUI:
	codeword: 00000000000000000001100000110111
	decoder_tb.xilinx_isim_temp_3_ln60_excessive_seqblock_chunk: signal == value
	decoder_tb.xilinx_isim_temp_3_ln60_excessive_seqblock_chunk: signal == value
	decoder_tb.xilinx_isim_temp_4_ln60_excessive_seqblock_chunk: signal == value
	decoder_tb.xilinx_isim_temp_4_ln60_excessive_seqblock_chunk: signal == value
	decoder_tb.xilinx_isim_temp_4_ln60_excessive_seqblock_chunk: signal == value
	decoder_tb.xilinx_isim_temp_4_ln60_excessive_seqblock_chunk: signal == value
	decoder_tb.xilinx_isim_temp_4_ln60_excessive_seqblock_chunk: signal == value
	decoder_tb.xilinx_isim_temp_4_ln60_excessive_seqblock_chunk: signal == value
	decoder_tb.xilinx_isim_temp_4_ln60_excessive_seqblock_chunk: signal == value
	decoder_tb.xilinx_isim_temp_4_ln60_excessive_seqblock_chunk: signal == value
LUI test ...ok

LUI:
	codeword: 10000000100010000000010110110111
	decoder_tb.xilinx_isim_temp_4_ln60_excessive_seqblock_chunk: signal == value
	decoder_tb.xilinx_isim_temp_4_ln60_excessive_seqblock_chunk: signal == value
	decoder_tb.xilinx_isim_temp_4_ln60_excessive_seqblock_chunk: signal == value
	decoder_tb.xilinx_isim_temp_4_ln60_excessive_seqblock_chunk: signal == value
	decoder_tb.xilinx_isim_temp_4_ln60_excessive_seqblock_chunk: signal == value
	decoder_tb.xilinx_isim_temp_4_ln60_excessive_seqblock_chunk: signal == value
	decoder_tb.xilinx_isim_temp_4_ln60_excessive_seqblock_chunk: signal == value
	decoder_tb.xilinx_isim_temp_4_ln60_excessive_seqblock_chunk: signal == value
	decoder_tb.xilinx_isim_temp_4_ln60_excessive_seqblock_chunk: signal == value
	decoder_tb.xilinx_isim_temp_4_ln60_excessive_seqblock_chunk: signal == value
LUI test ...ok

AUIPC:
	codeword: 00000000000000000000100000010111
	decoder_tb.xilinx_isim_temp_4_ln60_excessive_seqblock_chunk: signal == value
	decoder_tb.xilinx_isim_temp_4_ln60_excessive_seqblock_chunk: signal == value
	decoder_tb.xilinx_isim_temp_4_ln60_excessive_seqblock_chunk: signal == value
	decoder_tb.xilinx_isim_temp_4_ln60_excessive_seqblock_chunk: signal == value
	decoder_tb.xilinx_isim_temp_4_ln60_excessive_seqblock_chunk: signal == value
	decoder_tb.xilinx_isim_temp_4_ln60_excessive_seqblock_chunk: signal == value
	decoder_tb.xilinx_isim_temp_4_ln60_excessive_seqblock_chunk: signal == value
	decoder_tb.xilinx_isim_temp_4_ln60_excessive_seqblock_chunk: signal == value
	decoder_tb.xilinx_isim_temp_4_ln60_excessive_seqblock_chunk: signal == value
	decoder_tb.xilinx_isim_temp_4_ln60_excessive_seqblock_chunk: signal == value
AUIPC test ...ok

SW:
	codeword: 00000000101101010010000000100011
	decoder_tb.xilinx_isim_temp_4_ln60_excessive_seqblock_chunk: signal == value
	decoder_tb.xilinx_isim_temp_4_ln60_excessive_seqblock_chunk: signal == value
	decoder_tb.xilinx_isim_temp_4_ln60_excessive_seqblock_chunk: signal == value
	decoder_tb.xilinx_isim_temp_4_ln60_excessive_seqblock_chunk: signal == value
	decoder_tb.xilinx_isim_temp_4_ln60_excessive_seqblock_chunk: signal == value
	decoder_tb.xilinx_isim_temp_4_ln60_excessive_seqblock_chunk: signal == value
	decoder_tb.xilinx_isim_temp_4_ln60_excessive_seqblock_chunk: signal == value
	decoder_tb.xilinx_isim_temp_4_ln60_excessive_seqblock_chunk: signal == value
	decoder_tb.xilinx_isim_temp_4_ln60_excessive_seqblock_chunk: signal == value
	decoder_tb.xilinx_isim_temp_4_ln60_excessive_seqblock_chunk: signal == value
SW test ...ok

SH:
	codeword: 00000000101101010001000000100011
	decoder_tb.xilinx_isim_temp_4_ln60_excessive_seqblock_chunk: signal == value
	decoder_tb.xilinx_isim_temp_4_ln60_excessive_seqblock_chunk: signal == value
	decoder_tb.xilinx_isim_temp_4_ln60_excessive_seqblock_chunk: signal == value
	decoder_tb.xilinx_isim_temp_4_ln60_excessive_seqblock_chunk: signal == value
	decoder_tb.xilinx_isim_temp_4_ln60_excessive_seqblock_chunk: signal == value
	decoder_tb.xilinx_isim_temp_4_ln60_excessive_seqblock_chunk: signal == value
	decoder_tb.xilinx_isim_temp_4_ln60_excessive_seqblock_chunk: signal == value
	decoder_tb.xilinx_isim_temp_4_ln60_excessive_seqblock_chunk: signal == value
	decoder_tb.xilinx_isim_temp_4_ln60_excessive_seqblock_chunk: signal == value
	decoder_tb.xilinx_isim_temp_4_ln60_excessive_seqblock_chunk: signal == value
SH test ...ok

SH:
	codeword: 00000000101101010001000010100011
	decoder_tb.xilinx_isim_temp_4_ln60_excessive_seqblock_chunk: signal == value
	decoder_tb.xilinx_isim_temp_4_ln60_excessive_seqblock_chunk: signal == value
	decoder_tb.xilinx_isim_temp_4_ln60_excessive_seqblock_chunk: signal == value
	decoder_tb.xilinx_isim_temp_4_ln60_excessive_seqblock_chunk: signal == value
	decoder_tb.xilinx_isim_temp_4_ln60_excessive_seqblock_chunk: signal == value
	decoder_tb.xilinx_isim_temp_4_ln60_excessive_seqblock_chunk: signal == value
	decoder_tb.xilinx_isim_temp_4_ln60_excessive_seqblock_chunk: signal == value
	decoder_tb.xilinx_isim_temp_4_ln60_excessive_seqblock_chunk: signal == value
	decoder_tb.xilinx_isim_temp_4_ln60_excessive_seqblock_chunk: signal == value
	decoder_tb.xilinx_isim_temp_4_ln60_excessive_seqblock_chunk: signal == value
SH test ...ok

SB:
	codeword: 00000000101101010000000000100011
	decoder_tb.xilinx_isim_temp_4_ln60_excessive_seqblock_chunk: signal == value
	decoder_tb.xilinx_isim_temp_4_ln60_excessive_seqblock_chunk: signal == value
	decoder_tb.xilinx_isim_temp_4_ln60_excessive_seqblock_chunk: signal == value
	decoder_tb.xilinx_isim_temp_4_ln60_excessive_seqblock_chunk: signal == value
	decoder_tb.xilinx_isim_temp_4_ln60_excessive_seqblock_chunk: signal == value
	decoder_tb.xilinx_isim_temp_4_ln60_excessive_seqblock_chunk: signal == value
	decoder_tb.xilinx_isim_temp_4_ln60_excessive_seqblock_chunk: signal == value
	decoder_tb.xilinx_isim_temp_4_ln60_excessive_seqblock_chunk: signal == value
	decoder_tb.xilinx_isim_temp_4_ln60_excessive_seqblock_chunk: signal == value
	decoder_tb.xilinx_isim_temp_4_ln60_excessive_seqblock_chunk: signal == value
SB test ...ok

SB:
	codeword: 00000000101101010000000010100011
	decoder_tb.xilinx_isim_temp_5_ln60_excessive_seqblock_chunk: signal == value
	decoder_tb.xilinx_isim_temp_5_ln60_excessive_seqblock_chunk: signal == value
	decoder_tb.xilinx_isim_temp_5_ln60_excessive_seqblock_chunk: signal == value
	decoder_tb.xilinx_isim_temp_5_ln60_excessive_seqblock_chunk: signal == value
	decoder_tb.xilinx_isim_temp_5_ln60_excessive_seqblock_chunk: signal == value
	decoder_tb.xilinx_isim_temp_5_ln60_excessive_seqblock_chunk: signal == value
	decoder_tb.xilinx_isim_temp_5_ln60_excessive_seqblock_chunk: signal == value
	decoder_tb.xilinx_isim_temp_5_ln60_excessive_seqblock_chunk: signal == value
	decoder_tb.xilinx_isim_temp_5_ln60_excessive_seqblock_chunk: signal == value
	decoder_tb.xilinx_isim_temp_5_ln60_excessive_seqblock_chunk: signal == value
SB test ...ok

LW:
	codeword: 00000000000001010010011010000011
	decoder_tb.xilinx_isim_temp_5_ln60_excessive_seqblock_chunk: signal == value
	decoder_tb.xilinx_isim_temp_5_ln60_excessive_seqblock_chunk: signal == value
	decoder_tb.xilinx_isim_temp_5_ln60_excessive_seqblock_chunk: signal == value
	decoder_tb.xilinx_isim_temp_5_ln60_excessive_seqblock_chunk: signal == value
	decoder_tb.xilinx_isim_temp_5_ln60_excessive_seqblock_chunk: signal == value
	decoder_tb.xilinx_isim_temp_5_ln60_excessive_seqblock_chunk: signal == value
	decoder_tb.xilinx_isim_temp_5_ln60_excessive_seqblock_chunk: signal == value
	decoder_tb.xilinx_isim_temp_5_ln60_excessive_seqblock_chunk: signal == value
	decoder_tb.xilinx_isim_temp_5_ln60_excessive_seqblock_chunk: signal == value
	decoder_tb.xilinx_isim_temp_5_ln60_excessive_seqblock_chunk: signal == value
LW test ...ok

LH:
	codeword: 00000000000001010001011010000011
	decoder_tb.xilinx_isim_temp_5_ln60_excessive_seqblock_chunk: signal == value
	decoder_tb.xilinx_isim_temp_5_ln60_excessive_seqblock_chunk: signal == value
	decoder_tb.xilinx_isim_temp_5_ln60_excessive_seqblock_chunk: signal == value
	decoder_tb.xilinx_isim_temp_5_ln60_excessive_seqblock_chunk: signal == value
	decoder_tb.xilinx_isim_temp_5_ln60_excessive_seqblock_chunk: signal == value
	decoder_tb.xilinx_isim_temp_5_ln60_excessive_seqblock_chunk: signal == value
	decoder_tb.xilinx_isim_temp_5_ln60_excessive_seqblock_chunk: signal == value
	decoder_tb.xilinx_isim_temp_5_ln60_excessive_seqblock_chunk: signal == value
	decoder_tb.xilinx_isim_temp_5_ln60_excessive_seqblock_chunk: signal == value
	decoder_tb.xilinx_isim_temp_5_ln60_excessive_seqblock_chunk: signal == value
LH test ...ok

LH:
	codeword: 00000000001001010001011010000011
	decoder_tb.xilinx_isim_temp_5_ln60_excessive_seqblock_chunk: signal == value
	decoder_tb.xilinx_isim_temp_5_ln60_excessive_seqblock_chunk: signal == value
	decoder_tb.xilinx_isim_temp_5_ln60_excessive_seqblock_chunk: signal == value
	decoder_tb.xilinx_isim_temp_5_ln60_excessive_seqblock_chunk: signal == value
	decoder_tb.xilinx_isim_temp_5_ln60_excessive_seqblock_chunk: signal == value
	decoder_tb.xilinx_isim_temp_5_ln60_excessive_seqblock_chunk: signal == value
	decoder_tb.xilinx_isim_temp_5_ln60_excessive_seqblock_chunk: signal == value
	decoder_tb.xilinx_isim_temp_5_ln60_excessive_seqblock_chunk: signal == value
	decoder_tb.xilinx_isim_temp_5_ln60_excessive_seqblock_chunk: signal == value
	decoder_tb.xilinx_isim_temp_5_ln60_excessive_seqblock_chunk: signal == value
LH test ...ok

LB:
	codeword: 00000000001001010000011010000011
	decoder_tb.xilinx_isim_temp_5_ln60_excessive_seqblock_chunk: signal == value
	decoder_tb.xilinx_isim_temp_5_ln60_excessive_seqblock_chunk: signal == value
	decoder_tb.xilinx_isim_temp_5_ln60_excessive_seqblock_chunk: signal == value
	decoder_tb.xilinx_isim_temp_5_ln60_excessive_seqblock_chunk: signal == value
	decoder_tb.xilinx_isim_temp_5_ln60_excessive_seqblock_chunk: signal == value
	decoder_tb.xilinx_isim_temp_5_ln60_excessive_seqblock_chunk: signal == value
	decoder_tb.xilinx_isim_temp_5_ln60_excessive_seqblock_chunk: signal == value
	decoder_tb.xilinx_isim_temp_5_ln60_excessive_seqblock_chunk: signal == value
	decoder_tb.xilinx_isim_temp_5_ln60_excessive_seqblock_chunk: signal == value
	decoder_tb.xilinx_isim_temp_5_ln60_excessive_seqblock_chunk: signal == value
LB test ...ok

LB:
	codeword: 00000000001101010000011010000011
	decoder_tb.xilinx_isim_temp_5_ln60_excessive_seqblock_chunk: signal == value
	decoder_tb.xilinx_isim_temp_5_ln60_excessive_seqblock_chunk: signal == value
	decoder_tb.xilinx_isim_temp_5_ln60_excessive_seqblock_chunk: signal == value
	decoder_tb.xilinx_isim_temp_5_ln60_excessive_seqblock_chunk: signal == value
	decoder_tb.xilinx_isim_temp_5_ln60_excessive_seqblock_chunk: signal == value
	decoder_tb.xilinx_isim_temp_5_ln60_excessive_seqblock_chunk: signal == value
	decoder_tb.xilinx_isim_temp_5_ln60_excessive_seqblock_chunk: signal == value
	decoder_tb.xilinx_isim_temp_5_ln60_excessive_seqblock_chunk: signal == value
	decoder_tb.xilinx_isim_temp_5_ln60_excessive_seqblock_chunk: signal == value
