INFO: [VRFC 10-2263] Analyzing Verilog file "/home/denjo/b3exp/cpu/decoder.v" into library xil_defaultlib
INFO: [VRFC 10-311] analyzing module decoder
ERROR: [VRFC 10-4982] syntax error near 'if' [/home/denjo/b3exp/cpu/decoder.v:54]
ERROR: [VRFC 10-2790] Verilog 2000 keyword if used in incorrect context [/home/denjo/b3exp/cpu/decoder.v:54]
ERROR: [VRFC 10-4982] syntax error near ';' [/home/denjo/b3exp/cpu/decoder.v:55]
ERROR: [VRFC 10-4982] syntax error near ';' [/home/denjo/b3exp/cpu/decoder.v:57]
ERROR: [VRFC 10-4982] syntax error near ';' [/home/denjo/b3exp/cpu/decoder.v:59]
ERROR: [VRFC 10-4982] syntax error near ';' [/home/denjo/b3exp/cpu/decoder.v:61]
ERROR: [VRFC 10-4982] syntax error near ';' [/home/denjo/b3exp/cpu/decoder.v:63]
ERROR: [VRFC 10-4982] syntax error near ';' [/home/denjo/b3exp/cpu/decoder.v:65]
ERROR: [VRFC 10-4982] syntax error near ';' [/home/denjo/b3exp/cpu/decoder.v:67]
ERROR: [VRFC 10-4982] syntax error near ';' [/home/denjo/b3exp/cpu/decoder.v:69]
ERROR: [VRFC 10-4982] syntax error near ';' [/home/denjo/b3exp/cpu/decoder.v:71]
ERROR: [VRFC 10-4982] syntax error near ';' [/home/denjo/b3exp/cpu/decoder.v:73]
ERROR: [VRFC 10-4982] syntax error near 'if' [/home/denjo/b3exp/cpu/decoder.v:76]
ERROR: [VRFC 10-2790] Verilog 2000 keyword if used in incorrect context [/home/denjo/b3exp/cpu/decoder.v:76]
ERROR: [VRFC 10-4982] syntax error near ';' [/home/denjo/b3exp/cpu/decoder.v:77]
ERROR: [VRFC 10-4982] syntax error near ';' [/home/denjo/b3exp/cpu/decoder.v:79]
ERROR: [VRFC 10-4982] syntax error near ';' [/home/denjo/b3exp/cpu/decoder.v:81]
ERROR: [VRFC 10-4982] syntax error near ';' [/home/denjo/b3exp/cpu/decoder.v:83]
ERROR: [VRFC 10-4982] syntax error near ';' [/home/denjo/b3exp/cpu/decoder.v:85]
INFO: [#UNDEF] Sorry, too many errors..
